

Microchip MPLAB XC8 Assembler V2.41 build 20230208172133 
                                                                                               Sat May 27 15:05:05 2023

Microchip MPLAB XC8 C Compiler v2.41 (Free license) build 20230208172133 Og1 
     1                           	processor	16F84A
     2                           	pagewidth 120
     3                           	opt	flic
     4                           	psect	cinit,global,class=CODE,merge=1,delta=2
     5                           	psect	cstackCOMMON,global,class=COMMON,space=1,delta=1,noexec
     6                           	psect	cstackBANK0,global,class=BANK0,space=1,delta=1,noexec
     7                           	psect	maintext,global,class=CODE,split=1,delta=2
     8                           	psect	config,global,abs,ovrld,class=CONFIG,space=4,delta=2,noexec
     9                           	dabs	1,0x4E,2
    10     0000                     
    11                           ; Generated 22/03/2023 GMT
    12                           ; 
    13                           ; Copyright © 2023, Microchip Technology Inc. and its subsidiaries ("Microchip")
    14                           ; All rights reserved.
    15                           ; 
    16                           ; This software is developed by Microchip Technology Inc. and its subsidiaries ("Microch
      +                          ip").
    17                           ; 
    18                           ; Redistribution and use in source and binary forms, with or without modification, are
    19                           ; permitted provided that the following conditions are met:
    20                           ; 
    21                           ;     1. Redistributions of source code must retain the above copyright notice, this lis
      +                          t of
    22                           ;        conditions and the following disclaimer.
    23                           ; 
    24                           ;     2. Redistributions in binary form must reproduce the above copyright notice, this 
      +                          list
    25                           ;        of conditions and the following disclaimer in the documentation and/or other
    26                           ;        materials provided with the distribution. Publication is not required when
    27                           ;        this file is used in an embedded application.
    28                           ; 
    29                           ;     3. Microchip's name may not be used to endorse or promote products derived from th
      +                          is
    30                           ;        software without specific prior written permission.
    31                           ; 
    32                           ; THIS SOFTWARE IS PROVIDED BY MICROCHIP "AS IS" AND ANY EXPRESS OR IMPLIED WARRANTIES,
    33                           ; INCLUDING, BUT NOT LIMITED TO, THE IMPLIED WARRANTIES OF MERCHANTABILITY AND FITNESS F
      +                          OR
    34                           ; PURPOSE ARE DISCLAIMED.  IN NO EVENT SHALL MICROCHIP BE LIABLE FOR ANY DIRECT, INDIREC
      +                          T,
    35                           ; INCIDENTAL, SPECIAL, EXEMPLARY, OR CONSEQUENTIAL DAMAGES (INCLUDING BUT NOT LIMITED TO
    36                           ; PROCUREMENT OF SUBSTITUTE GOODS OR SERVICES; LOSS OF USE, DATA OR PROFITS; OR BUSINESS
    37                           ; INTERRUPTION) HOWSOEVER CAUSED AND ON ANY THEORY OF LIABILITY, WHETHER IN CONTRACT, ST
      +                          RICT
    38                           ; LIABILITY, OR TORT (INCLUDING NEGLIGENCE OR OTHERWISE) ARISING IN ANY WAY OUT OF THE U
      +                          SE OF
    39                           ; THIS SOFTWARE, EVEN IF ADVISED OF THE POSSIBILITY OF SUCH DAMAGE.
    40                           ; 
    41                           ; 
    42                           ; Code-generator required, PIC16F84A Definitions
    43                           ; 
    44                           ; SFR Addresses
    45     0000                     	;# 
    46     0001                     	;# 
    47     0002                     	;# 
    48     0003                     	;# 
    49     0004                     	;# 
    50     0005                     	;# 
    51     0006                     	;# 
    52     0008                     	;# 
    53     0009                     	;# 
    54     000A                     	;# 
    55     000B                     	;# 
    56     0081                     	;# 
    57     0085                     	;# 
    58     0086                     	;# 
    59     0088                     	;# 
    60     0089                     	;# 
    61     0000                     	;# 
    62     0001                     	;# 
    63     0002                     	;# 
    64     0003                     	;# 
    65     0004                     	;# 
    66     0005                     	;# 
    67     0006                     	;# 
    68     0008                     	;# 
    69     0009                     	;# 
    70     000A                     	;# 
    71     000B                     	;# 
    72     0081                     	;# 
    73     0085                     	;# 
    74     0086                     	;# 
    75     0088                     	;# 
    76     0089                     	;# 
    77     0006                     _PORTB	set	6
    78     0086                     _TRISB	set	134
    79     0085                     _TRISA	set	133
    80                           
    81                           	psect	cinit
    82     03FE                     start_initialization:	
    83                           ; #config settings
    84                           
    85     03FE                     __initialization:
    86     03FE                     end_of_initialization:	
    87                           ;End of C runtime variable initialization code
    88                           
    89     03FE                     __end_of__initialization:
    90     03FE  0183               	clrf	3
    91     03FF  2BF4               	ljmp	_main	;jump to C main() function
    92                           
    93                           	psect	cstackCOMMON
    94     0000                     __pcstackCOMMON:
    95     0000                     ??_main:
    96                           
    97                           	psect	cstackBANK0
    98     0000                     __pcstackBANK0:	
    99                           ; 1 bytes @ 0x0
   100                           
   101     0000                     ?_main:
   102                           
   103                           	psect	maintext
   104     03F4                     __pmaintext:	
   105                           ; 1 bytes @ 0x0
   106 ;;
   107 ;;Main: autosize = 0, tempsize = 0, incstack = 0, save=0
   108 ;;
   109 ;; *************** function _main *****************
   110 ;; Defined at:
   111 ;;		line 17 in file "Exemplo_2.c"
   112 ;; Parameters:    Size  Location     Type
   113 ;;		None
   114 ;; Auto vars:     Size  Location     Type
   115 ;;		None
   116 ;; Return value:  Size  Location     Type
   117 ;;                  1    wreg      void 
   118 ;; Registers used:
   119 ;;		wreg, status,2
   120 ;; Tracked objects:
   121 ;;		On entry : B00/0
   122 ;;		On exit  : 0/0
   123 ;;		Unchanged: 0/0
   124 ;; Data sizes:     COMMON   BANK0
   125 ;;      Params:         0       0
   126 ;;      Locals:         0       0
   127 ;;      Temps:          0       0
   128 ;;      Totals:         0       0
   129 ;;Total ram usage:        0 bytes
   130 ;; This function calls:
   131 ;;		Nothing
   132 ;; This function is called by:
   133 ;;		Startup code after reset
   134 ;; This function uses a non-reentrant model
   135 ;;
   136                           
   137     03F4                     _main:	
   138                           ;psect for function _main
   139                           
   140     03F4                     l612:	
   141                           ;incstack = 0
   142                           ; Regs used in _main: [wreg+status,2]
   143                           
   144                           
   145                           ;Exemplo_2.c: 27:     TRISA=0b00011111;
   146     03F4  301F               	movlw	31
   147     03F5  1683               	bsf	3,5	;RP0=1, select bank1
   148     03F6  0085               	movwf	5	;volatile
   149     03F7                     l614:
   150                           
   151                           ;Exemplo_2.c: 28:     TRISB=0b00000000;
   152     03F7  0186               	clrf	6	;volatile
   153     03F8                     l616:
   154                           
   155                           ;Exemplo_2.c: 29:     PORTB=0x00;
   156     03F8  1283               	bcf	3,5	;RP0=0, select bank0
   157     03F9  0186               	clrf	6	;volatile
   158     03FA                     l11:	
   159                           ;Exemplo_2.c: 31:       while(1)
   160                           
   161                           
   162                           ;Exemplo_2.c: 32:     {;Exemplo_2.c: 33:           PORTB=0b11110000;
   163     03FA  30F0               	movlw	240
   164     03FB  0086               	movwf	6	;volatile
   165     03FC  2BFA               	goto	l11
   166     03FD  2800               	ljmp	start
   167     03FE                     __end_of_main:
   168     004E                     btemp	set	78	;btemp
   169     004E                     wtemp0	set	78
   170                           
   171                           	psect	config
   172                           
   173                           ;Config register CONFIG @ 0x2007
   174                           ;	Oscillator Selection bits
   175                           ;	FOSC = XT, XT oscillator
   176                           ;	Watchdog Timer
   177                           ;	WDTE = ON, WDT enabled
   178                           ;	Power-up Timer Enable bit
   179                           ;	PWRTE = OFF, Power-up Timer is disabled
   180                           ;	Code Protection bit
   181                           ;	CP = OFF, Code protection disabled
   182     2007                     	org	8199
   183     2007  3FFD               	dw	16381

Data Sizes:
    Strings     0
    Constant    0
    Data        0
    BSS         0
    Persistent  0
    Stack       0

Auto Spaces:
    Space          Size  Autos    Used
    COMMON            0      0       0
    BANK0            66      0       0

Pointer List with Targets:

    None.

Critical Paths under _main in COMMON

    None.

Critical Paths under _main in BANK0

    None.

Call Graph Tables:

 ---------------------------------------------------------------------------------
 (Depth) Function   	        Calls       Base Space   Used Autos Params    Refs
 ---------------------------------------------------------------------------------
 (0) _main                                                 0     0      0       0
 ---------------------------------------------------------------------------------
 Estimated maximum stack depth 0
 ---------------------------------------------------------------------------------

 Call Graph Graphs:

 _main (ROOT)

 Address spaces:
Name               Size   Autos  Total    Cost      Usage
BITCOMMON            0      0       0       0        0.0%
EEDATA              40      0       0       0        0.0%
NULL                 0      0       0       0        0.0%
CODE                 0      0       0       0        0.0%
BITSFR0              0      0       0       1        0.0%
SFR0                 0      0       0       1        0.0%
COMMON               0      0       0       1        0.0%
BITSFR1              0      0       0       2        0.0%
SFR1                 0      0       0       2        0.0%
STACK                0      0       0       2        0.0%
BANK0               42      0       0       3        0.0%
ABS                  0      0       0       4        0.0%
BITBANK0            42      0       0       5        0.0%
DATA                 0      0       0       6        0.0%


Microchip Technology PIC Macro Assembler V2.41 build 20230208172133 
Symbol Table                                                                                   Sat May 27 15:05:05 2023

                     l11 03FA                      l612 03F4                      l614 03F7  
                    l616 03F8                     _main 03F4                     btemp 004E  
                   start 0000                    ?_main 0000                    _PORTB 0006  
                  _TRISA 0085                    _TRISB 0086                    status 0003  
                  wtemp0 004E          __initialization 03FE             __end_of_main 03FE  
                 ??_main 0000  __end_of__initialization 03FE           __pcstackCOMMON 0000  
             __pmaintext 03F4     end_of_initialization 03FE      start_initialization 03FE  
              ___latbits 0000            __pcstackBANK0 0000  
